<?xml version="1.0" encoding="UTF-8"?>
<!-- Generated by org.testng.reporters.JUnitXMLReporter -->
<testsuite hostname="DESKTOP-89OTHQ5" ignored="1" name="Default test" tests="1" failures="0" timestamp="10 Oct 2020 06:18:18 GMT" time="6.468" errors="0">
  <testcase name="loginUsingExcel" time="6.401" classname="com.jbk.hybrid.testcases.LoginTest"/>
  <testcase name="loginUsingProperties" time="0.0" classname="com.jbk.hybrid.testcases.LoginTest">
    <ignored/>
  </testcase> <!-- loginUsingProperties -->
</testsuite> <!-- Default test -->
