<?xml version="1.0" encoding="UTF-8"?>
<!-- Generated by org.testng.reporters.JUnitXMLReporter -->
<testsuite hostname="DESKTOP-89OTHQ5" ignored="1" name="Test" tests="1" failures="1" timestamp="10 Oct 2020 06:24:27 GMT" time="9.296" errors="0">
  <testcase name="loginUsingExcel" time="8.675" classname="com.jbk.hybrid.testcases.LoginTest">
    <failure type="java.lang.AssertionError" message="The following asserts failed:
	expected [JavaByKiran | Dashboard] but found [JavaByKiran | Log in],
	expected [JavaByKiran | Dashboard] but found [JavaByKiran | Log in]">
      <![CDATA[java.lang.AssertionError: The following asserts failed:
	expected [JavaByKiran | Dashboard] but found [JavaByKiran | Log in],
	expected [JavaByKiran | Dashboard] but found [JavaByKiran | Log in]
	at com.jbk.hybrid.testcases.LoginTest.loginUsingExcel(LoginTest.java:63)
... Removed 26 stack frames]]>
    </failure>
  </testcase> <!-- loginUsingExcel -->
  <testcase name="loginUsingProperties" time="0.0" classname="com.jbk.hybrid.testcases.LoginTest">
    <ignored/>
  </testcase> <!-- loginUsingProperties -->
</testsuite> <!-- Test -->
