<?xml version="1.0" encoding="UTF-8"?>
<testng-results skipped="0" failed="0" ignored="0" total="1" passed="1">
  <reporter-output>
  </reporter-output>
  <suite name="Suite" duration-ms="2104" started-at="2020-08-01T05:30:28Z" finished-at="2020-08-01T05:30:30Z">
    <groups>
    </groups>
    <test name="Test" duration-ms="2104" started-at="2020-08-01T05:30:28Z" finished-at="2020-08-01T05:30:30Z">
      <class name="com.jbk.hybrid.testcases.LoginTest">
        <test-method status="PASS" signature="loadUrl()[pri:0, instance:com.jbk.hybrid.testcases.LoginTest@604ed9f0]" name="loadUrl" is-config="true" duration-ms="10972" started-at="2020-08-01T05:30:17Z" finished-at="2020-08-01T05:30:28Z">
          <reporter-output>
          </reporter-output>
        </test-method> <!-- loadUrl -->
        <test-method status="PASS" signature="login()[pri:0, instance:com.jbk.hybrid.testcases.LoginTest@604ed9f0]" name="login" duration-ms="1945" started-at="2020-08-01T05:30:28Z" finished-at="2020-08-01T05:30:30Z">
          <reporter-output>
          </reporter-output>
        </test-method> <!-- login -->
      </class> <!-- com.jbk.hybrid.testcases.LoginTest -->
    </test> <!-- Test -->
  </suite> <!-- Suite -->
</testng-results>
