<?xml version="1.0" encoding="UTF-8"?>
<testng-results skipped="0" failed="0" ignored="0" total="1" passed="1">
  <reporter-output>
  </reporter-output>
  <suite name="Default suite" duration-ms="2448" started-at="2020-08-01T04:54:27Z" finished-at="2020-08-01T04:54:30Z">
    <groups>
    </groups>
    <test name="Default test" duration-ms="2448" started-at="2020-08-01T04:54:27Z" finished-at="2020-08-01T04:54:30Z">
      <class name="com.jbk.hybrid.testcases.LoginTest">
        <test-method status="PASS" signature="loadUrl()[pri:0, instance:com.jbk.hybrid.testcases.LoginTest@4678c730]" name="loadUrl" is-config="true" duration-ms="10021" started-at="2020-08-01T10:24:17Z" finished-at="2020-08-01T10:24:27Z">
          <reporter-output>
          </reporter-output>
        </test-method> <!-- loadUrl -->
        <test-method status="PASS" signature="login()[pri:0, instance:com.jbk.hybrid.testcases.LoginTest@4678c730]" name="login" duration-ms="2401" started-at="2020-08-01T10:24:27Z" finished-at="2020-08-01T10:24:30Z">
          <reporter-output>
          </reporter-output>
        </test-method> <!-- login -->
      </class> <!-- com.jbk.hybrid.testcases.LoginTest -->
    </test> <!-- Default test -->
  </suite> <!-- Default suite -->
</testng-results>
